<?xml version="1.0" encoding="UTF-8"?>
<!-- Generated by org.testng.reporters.JUnitReportReporter -->
<testsuite hostname="THSCPSree" name="com.testhouse.TestScript.Scenario" tests="1" failures="0" timestamp="27 May 2016 08:18:29 GMT" time="316.658" errors="0">
  <testcase name="customerService" time="316.658" classname="com.testhouse.TestScript.Scenario"/>
</testsuite> <!-- com.testhouse.TestScript.Scenario -->
