<?xml version="1.0" encoding="UTF-8"?>
<!-- Generated by org.testng.reporters.JUnitReportReporter -->
<testsuite hostname="THSVM10028" name="com.testhouse.TestScript.CustomerBilling" tests="1" failures="0" timestamp="30 Jun 2016 13:45:44 GMT" time="155.882" errors="0">
  <testcase name="customerBillingCheckDetails" time="155.882" classname="com.testhouse.TestScript.CustomerBilling"/>
</testsuite> <!-- com.testhouse.TestScript.CustomerBilling -->
